

================================================================
== Vitis HLS Report for 'compute_matrices'
================================================================
* Date:           Sun May 25 19:33:42 2025

* Version:        2020.2 (Build 3064766 on Wed Nov 18 09:12:47 MST 2020)
* Project:        lsal_first
* Solution:       solution1 (Vivado IP Flow Target)
* Product family: zynq
* Target device:  xc7z020-clg484-1


================================================================
== Performance Estimates
================================================================
+ Timing: 
    * Summary: 
    +--------+----------+----------+------------+
    |  Clock |  Target  | Estimated| Uncertainty|
    +--------+----------+----------+------------+
    |ap_clk  |  10.00 ns|  7.298 ns|     2.70 ns|
    +--------+----------+----------+------------+

+ Latency: 
    * Summary: 
    +----------+----------+-----------+-----------+----------+----------+---------+
    |   Latency (cycles)  |   Latency (absolute)  |       Interval      | Pipeline|
    |    min   |    max   |    min    |    max    |    min   |    max   |   Type  |
    +----------+----------+-----------+-----------+----------+----------+---------+
    |  21637283|  21637283|  0.216 sec|  0.216 sec|  21637284|  21637284|     none|
    +----------+----------+-----------+-----------+----------+----------+---------+

    + Detail: 
        * Instance: 
        N/A

        * Loop: 
        +-----------------+----------+----------+----------+-----------+-----------+-------+----------+
        |                 |   Latency (cycles)  | Iteration|  Initiation Interval  |  Trip |          |
        |    Loop Name    |    min   |    max   |  Latency |  achieved |   target  | Count | Pipelined|
        +-----------------+----------+----------+----------+-----------+-----------+-------+----------+
        |- Loop 1         |        33|        33|         1|          1|          1|     33|       yes|
        |- Loop 2         |        33|        33|         1|          1|          1|     33|       yes|
        |- Loop 3         |        33|        33|         1|          1|          1|     33|       yes|
        |- Loop 4         |        32|        32|         1|          1|          1|     32|       yes|
        |- Loop 5         |     65598|     65598|         1|          1|          1|  65598|       yes|
        |- OUTER_LOOP     |  21571543|  21571543|       329|          -|          -|  65567|        no|
        | + INNER_LOOP    |       128|       128|         4|          -|          -|     32|        no|
        | + OUTER_LOOP.2  |        66|        66|         2|          -|          -|     33|        no|
        | + OUTER_LOOP.3  |        66|        66|         2|          -|          -|     33|        no|
        | + DIR_LOOP      |        64|        64|         2|          -|          -|     32|        no|
        +-----------------+----------+----------+----------+-----------+-----------+-------+----------+



================================================================
== Utilization Estimates
================================================================
* Summary: 
+-----------------+---------+-----+--------+-------+-----+
|       Name      | BRAM_18K| DSP |   FF   |  LUT  | URAM|
+-----------------+---------+-----+--------+-------+-----+
|DSP              |        -|    -|       -|      -|    -|
|Expression       |        -|    -|       0|    522|    -|
|FIFO             |        -|    -|       -|      -|    -|
|Instance         |        -|    -|       -|      -|    -|
|Memory           |       64|    -|     116|     32|    -|
|Multiplexer      |        -|    -|       -|    370|    -|
|Register         |        -|    -|     274|      -|    -|
+-----------------+---------+-----+--------+-------+-----+
|Total            |       64|    0|     390|    924|    0|
+-----------------+---------+-----+--------+-------+-----+
|Available        |      280|  220|  106400|  53200|    0|
+-----------------+---------+-----+--------+-------+-----+
|Utilization (%)  |       22|    0|      ~0|      1|    0|
+-----------------+---------+-----+--------+-------+-----+

+ Detail: 
    * Instance: 
    N/A

    * DSP: 
    N/A

    * Memory: 
    +------------------+----------------+---------+----+----+-----+-------+-----+------+-------------+
    |      Memory      |     Module     | BRAM_18K| FF | LUT| URAM| Words | Bits| Banks| W*Bits*Banks|
    +------------------+----------------+---------+----+----+-----+-------+-----+------+-------------+
    |database_buff_U   |database_buff   |       64|   0|   0|    0|  65598|    8|     1|       524784|
    |diag_array_1_U    |diag_array_1    |        0|  32|   9|    0|     33|   16|     1|          528|
    |diag_array_3_U    |diag_array_1    |        0|  32|   9|    0|     33|   16|     1|          528|
    |diag_array_2_U    |diag_array_2    |        0|  32|   9|    0|     33|   16|     1|          528|
    |direction_buff_U  |direction_buff  |        0|   4|   1|    0|     32|    2|     1|           64|
    |querry_buff_U     |querry_buff     |        0|  16|   4|    0|     32|    8|     1|          256|
    +------------------+----------------+---------+----+----+-----+-------+-----+------+-------------+
    |Total             |                |       64| 116|  32|    0|  65761|   66|     6|       526688|
    +------------------+----------------+---------+----+----+-----+-------+-----+------+-------------+

    * FIFO: 
    N/A

    * Expression: 
    +------------------------+----------+----+---+----+------------+------------+
    |      Variable Name     | Operation| DSP| FF| LUT| Bitwidth P0| Bitwidth P1|
    +------------------------+----------+----+---+----+------------+------------+
    |add_ln36_fu_507_p2      |         +|   0|  0|  24|          17|           1|
    |add_ln40_fu_555_p2      |         +|   0|  0|  24|          17|          17|
    |add_ln42_fu_519_p2      |         +|   0|  0|  14|           6|           1|
    |add_ln72_fu_707_p2      |         +|   0|  0|  24|          17|          17|
    |add_ln81_fu_764_p2      |         +|   0|  0|  14|           6|           1|
    |empty_11_fu_434_p2      |         +|   0|  0|  14|           6|           1|
    |empty_14_fu_451_p2      |         +|   0|  0|  14|           6|           1|
    |empty_16_fu_468_p2      |         +|   0|  0|  14|           6|           1|
    |empty_18_fu_485_p2      |         +|   0|  0|  24|          17|           1|
    |empty_22_fu_730_p2      |         +|   0|  0|  14|           6|           1|
    |empty_24_fu_747_p2      |         +|   0|  0|  14|           6|           1|
    |empty_8_fu_417_p2       |         +|   0|  0|  14|           6|           1|
    |north_fu_582_p2         |         +|   0|  0|  24|          17|           2|
    |northwest_fu_600_p2     |         +|   0|  0|  24|          17|          17|
    |west_fu_609_p2          |         +|   0|  0|  24|          17|           2|
    |exitcond262_fu_741_p2   |      icmp|   0|  0|  10|           6|           6|
    |exitcond273_fu_758_p2   |      icmp|   0|  0|  10|           6|           6|
    |exitcond388_fu_491_p2   |      icmp|   0|  0|  13|          17|          17|
    |exitcond399_fu_474_p2   |      icmp|   0|  0|  10|           6|           7|
    |exitcond4010_fu_457_p2  |      icmp|   0|  0|  10|           6|           6|
    |exitcond4111_fu_440_p2  |      icmp|   0|  0|  10|           6|           6|
    |exitcond4212_fu_423_p2  |      icmp|   0|  0|  10|           6|           6|
    |icmp_ln36_fu_513_p2     |      icmp|   0|  0|  13|          17|          17|
    |icmp_ln37_fu_538_p2     |      icmp|   0|  0|  10|           6|           7|
    |icmp_ln40_fu_572_p2     |      icmp|   0|  0|  11|           8|           8|
    |icmp_ln48_fu_615_p2     |      icmp|   0|  0|  13|          17|          17|
    |icmp_ln53_fu_625_p2     |      icmp|   0|  0|  13|          17|          17|
    |icmp_ln58_fu_653_p2     |      icmp|   0|  0|  13|          17|           1|
    |icmp_ln70_fu_698_p2     |      icmp|   0|  0|  18|          32|          32|
    |icmp_ln81_fu_775_p2     |      icmp|   0|  0|  10|           6|           7|
    |or_ln58_fu_684_p2       |        or|   0|  0|   2|           1|           1|
    |direction_buff_d0       |    select|   0|  0|   2|           1|           2|
    |direction_fu_646_p3     |    select|   0|  0|   3|           1|           3|
    |max_value_2_fu_619_p3   |    select|   0|  0|  17|           1|          17|
    |max_value_4_fu_631_p3   |    select|   0|  0|  17|           1|          17|
    |max_value_fu_658_p3     |    select|   0|  0|  16|           1|           1|
    |select_ln42_fu_588_p3   |    select|   0|  0|   2|           1|           2|
    |select_ln58_fu_676_p3   |    select|   0|  0|   2|           1|           2|
    |xor_ln58_fu_670_p2      |       xor|   0|  0|   2|           1|           2|
    |xor_ln72_fu_544_p2      |       xor|   0|  0|   5|           5|           2|
    +------------------------+----------+----+---+----+------------+------------+
    |Total                   |          |   0|  0| 522|         354|         274|
    +------------------------+----------+----+---+----+------------+------------+

    * Multiplexer: 
    +-------------------------+-----+-----------+-----+-----------+
    |           Name          | LUT | Input Size| Bits| Total Bits|
    +-------------------------+-----+-----------+-----+-----------+
    |ap_NS_fsm                |  113|         23|    1|         23|
    |database_buff_address0   |   14|          3|   17|         51|
    |diag_array_1_address0    |   20|          4|    6|         24|
    |diag_array_1_d0          |   14|          3|   16|         48|
    |diag_array_2_address0    |   20|          4|    6|         24|
    |diag_array_2_address1    |   14|          3|    6|         18|
    |diag_array_2_d0          |   14|          3|   16|         48|
    |diag_array_3_address0    |   20|          4|    6|         24|
    |diag_array_3_d0          |   14|          3|   16|         48|
    |direction_buff_address0  |   14|          3|    5|         15|
    |empty_10_reg_317         |    9|          2|    6|         12|
    |empty_13_reg_328         |    9|          2|    6|         12|
    |empty_reg_306            |    9|          2|    6|         12|
    |global_max_fu_118        |    9|          2|   16|         32|
    |i_1_reg_406              |    9|          2|    6|         12|
    |i_reg_373                |    9|          2|    6|         12|
    |k_reg_361                |    9|          2|   17|         34|
    |loop_index15_reg_384     |    9|          2|    6|         12|
    |loop_index18_reg_350     |    9|          2|   17|         34|
    |loop_index21_reg_339     |    9|          2|    6|         12|
    |loop_index_reg_395       |    9|          2|    6|         12|
    |querry_buff_address0     |   14|          3|    5|         15|
    +-------------------------+-----+-----------+-----+-----------+
    |Total                    |  370|         78|  198|        534|
    +-------------------------+-----+-----------+-----+-----------+

    * Register: 
    +-----------------------------+----+----+-----+-----------+
    |             Name            | FF | LUT| Bits| Const Bits|
    +-----------------------------+----+----+-----+-----------+
    |add_ln36_reg_843             |  17|   0|   17|          0|
    |add_ln42_reg_851             |   6|   0|    6|          0|
    |add_ln81_reg_976             |   6|   0|    6|          0|
    |ap_CS_fsm                    |  22|   0|   22|          0|
    |diag_array_2_load_1_reg_912  |  16|   0|   16|          0|
    |empty_10_reg_317             |   6|   0|    6|          0|
    |empty_13_reg_328             |   6|   0|    6|          0|
    |empty_22_reg_940             |   6|   0|    6|          0|
    |empty_24_reg_958             |   6|   0|    6|          0|
    |empty_reg_306                |   6|   0|    6|          0|
    |global_max_fu_118            |  16|   0|   32|         16|
    |i_1_reg_406                  |   6|   0|    6|          0|
    |i_reg_373                    |   6|   0|    6|          0|
    |icmp_ln48_reg_917            |   1|   0|    1|          0|
    |icmp_ln53_reg_922            |   1|   0|    1|          0|
    |k_reg_361                    |  17|   0|   17|          0|
    |loop_index15_cast_reg_945    |   6|   0|   64|         58|
    |loop_index15_reg_384         |   6|   0|    6|          0|
    |loop_index18_reg_350         |  17|   0|   17|          0|
    |loop_index21_reg_339         |   6|   0|    6|          0|
    |loop_index_cast_reg_963      |   6|   0|   64|         58|
    |loop_index_reg_395           |   6|   0|    6|          0|
    |max_value_4_reg_927          |  17|   0|   17|          0|
    |north_reg_900                |  17|   0|   17|          0|
    |northwest_reg_906            |  17|   0|   17|          0|
    |trunc_ln37_reg_862           |   5|   0|    5|          0|
    |trunc_ln45_reg_932           |  16|   0|   16|          0|
    |xor_ln72_reg_870             |   5|   0|    5|          0|
    |zext_ln37_reg_856            |   6|   0|   64|         58|
    +-----------------------------+----+----+-----+-----------+
    |Total                        | 274|   0|  464|        190|
    +-----------------------------+----+----+-----+-----------+



================================================================
== Interface
================================================================
* Summary: 
+-------------------------+-----+-----+------------+------------------+--------------+
|        RTL Ports        | Dir | Bits|  Protocol  |   Source Object  |    C Type    |
+-------------------------+-----+-----+------------+------------------+--------------+
|ap_clk                   |   in|    1|  ap_ctrl_hs|  compute_matrices|  return value|
|ap_rst                   |   in|    1|  ap_ctrl_hs|  compute_matrices|  return value|
|ap_start                 |   in|    1|  ap_ctrl_hs|  compute_matrices|  return value|
|ap_done                  |  out|    1|  ap_ctrl_hs|  compute_matrices|  return value|
|ap_idle                  |  out|    1|  ap_ctrl_hs|  compute_matrices|  return value|
|ap_ready                 |  out|    1|  ap_ctrl_hs|  compute_matrices|  return value|
|query                    |   in|    8|     ap_none|             query|       pointer|
|database                 |   in|    8|     ap_none|          database|       pointer|
|max_index                |  out|   32|      ap_vld|         max_index|       pointer|
|max_index_ap_vld         |  out|    1|      ap_vld|         max_index|       pointer|
|direction_matrix         |  out|   16|      ap_vld|  direction_matrix|       pointer|
|direction_matrix_ap_vld  |  out|    1|      ap_vld|  direction_matrix|       pointer|
+-------------------------+-----+-----+------------+------------------+--------------+

