

================================================================
== Synthesis Summary Report of 'compute_matrices'
================================================================
+ General Information: 
    * Date:           Sat Jun  7 18:22:48 2025
    * Version:        2020.2 (Build 3064766 on Wed Nov 18 09:12:47 MST 2020)
    * Project:        diag_dir_max
    * Solution:       solution1 (Vitis Kernel Flow Target)
    * Product family: zynq
    * Target device:  xc7z020-clg484-1
    

+ Performance & Resource Estimates: 
    
    PS: '+' for module; 'o' for loop; '*' for dataflow
    +--------------------+--------+-------+---------+-----------+----------+---------+-------+----------+-----------+----+-----------+-------------+-----+
    |       Modules      |  Issue |       | Latency |  Latency  | Iteration|         |  Trip |          |           |    |           |             |     |
    |       & Loops      |  Type  | Slack | (cycles)|    (ns)   |  Latency | Interval| Count | Pipelined|   BRAM    | DSP|     FF    |     LUT     | URAM|
    +--------------------+--------+-------+---------+-----------+----------+---------+-------+----------+-----------+----+-----------+-------------+-----+
    |+ compute_matrices  |  Timing|   0.00|   328453|  3.285e+06|         -|   328454|      -|        no|  193 (68%)|   -|  9868 (9%)|  23680 (44%)|    -|
    | o Loop 1           |       -|  -7.30|       33|    330.000|         1|        1|     33|       yes|          -|   -|          -|            -|    -|
    | o Loop 2           |       -|  -7.30|       33|    330.000|         1|        1|     33|       yes|          -|   -|          -|            -|    -|
    | o Loop 3           |       -|  -7.30|       33|    330.000|         1|        1|     33|       yes|          -|   -|          -|            -|    -|
    | o COPY             |       -|  -7.30|    65670|  6.567e+05|        74|        1|  65598|       yes|          -|   -|          -|            -|    -|
    | o Loop 5           |       -|  -7.30|      128|  1.280e+03|         1|        1|    128|       yes|          -|   -|          -|            -|    -|
    | o Loop 6           |       -|  -7.30|       32|    320.000|         1|        1|     32|       yes|          -|   -|          -|            -|    -|
    | o OUTER_LOOP       |      II|  -7.30|   262268|  2.623e+06|         4|        4|  65567|       yes|          -|   -|          -|            -|    -|
    | o MAX_LOOP         |       -|  -7.30|       33|    330.000|         3|        1|     32|       yes|          -|   -|          -|            -|    -|
    +--------------------+--------+-------+---------+-----------+----------+---------+-------+----------+-----------+----+-----------+-------------+-----+

