

================================================================
== Synthesis Summary Report of 'compute_matrices'
================================================================
+ General Information: 
    * Date:           Tue Jun  3 17:13:36 2025
    * Version:        2020.2 (Build 3064766 on Wed Nov 18 09:12:47 MST 2020)
    * Project:        max_loop
    * Solution:       solution3 (Vivado IP Flow Target)
    * Product family: zynq
    * Target device:  xc7z020-clg484-1
    

+ Performance & Resource Estimates: 
    
    PS: '+' for module; 'o' for loop; '*' for dataflow
    +--------------------+------+-------+---------+-----------+----------+---------+-------+----------+-----------+----+-----------+-------------+-----+
    |       Modules      | Issue|       | Latency |  Latency  | Iteration|         |  Trip |          |           |    |           |             |     |
    |       & Loops      | Type | Slack | (cycles)|    (ns)   |  Latency | Interval| Count | Pipelined|   BRAM    | DSP|     FF    |     LUT     | URAM|
    +--------------------+------+-------+---------+-----------+----------+---------+-------+----------+-----------+----+-----------+-------------+-----+
    |+ compute_matrices  |     -|  -0.04|   262800|  2.628e+06|         -|   262801|      -|        no|  130 (46%)|   -|  8787 (8%)|  14772 (27%)|    -|
    | o Loop 1           |     -|  -7.30|       66|    660.000|         2|        -|     33|        no|          -|   -|          -|            -|    -|
    | o Loop 2           |     -|  -7.30|       66|    660.000|         2|        -|     33|        no|          -|   -|          -|            -|    -|
    | o Loop 3           |     -|  -7.30|       33|    330.000|         1|        -|     33|        no|          -|   -|          -|            -|    -|
    | o Loop 4           |     -|  -7.30|       64|    640.000|         2|        -|     32|        no|          -|   -|          -|            -|    -|
    | o Loop 5           |     -|  -7.30|       64|    640.000|         2|        -|     32|        no|          -|   -|          -|            -|    -|
    | o Loop 6           |     -|  -7.30|      128|  1.280e+03|         2|        -|     64|        no|          -|   -|          -|            -|    -|
    | o Loop 7           |     -|  -7.30|       64|    640.000|         2|        -|     32|        no|          -|   -|          -|            -|    -|
    | o OUTER_LOOP       |    II|  -7.30|   262269|  2.623e+06|         6|        4|  65567|       yes|          -|   -|          -|            -|    -|
    | o MAX_LOOP         |     -|  -7.30|       34|    340.000|         3|        1|     32|       yes|          -|   -|          -|            -|    -|
    +--------------------+------+-------+---------+-----------+----------+---------+-------+----------+-----------+----+-----------+-------------+-----+

