#! /c/Source/iverilog-install/bin/vvp
:ivl_version "12.0 (devel)" "(s20150603-1110-g18392a46)";
:ivl_delay_selection "TYPICAL";
:vpi_time_precision - 12;
:vpi_module "C:\iverilog\lib\ivl\system.vpi";
:vpi_module "C:\iverilog\lib\ivl\vhdl_sys.vpi";
:vpi_module "C:\iverilog\lib\ivl\vhdl_textio.vpi";
:vpi_module "C:\iverilog\lib\ivl\v2005_math.vpi";
:vpi_module "C:\iverilog\lib\ivl\va_math.vpi";
S_000002dda29b2760 .scope module, "fpadd_pipeline" "fpadd_pipeline" 2 17;
 .timescale -9 -12;
    .port_info 0 /INPUT 1 "clk";
    .port_info 1 /INPUT 1 "reset";
    .port_info 2 /INPUT 32 "reg_A";
    .port_info 3 /INPUT 32 "reg_B";
    .port_info 4 /OUTPUT 32 "out";
v000002dda29da200_0 .var "A", 31 0;
v000002dda29da7a0_0 .var "B", 31 0;
L_000002dda2aa00d0 .functor BUFT 1, C4<1>, C4<0>, C4<0>, C4<0>;
v000002dda29da700_0 .net/2u *"_ivl_10", 0 0, L_000002dda2aa00d0;  1 drivers
v000002dda29da2a0_0 .net *"_ivl_13", 22 0, L_000002dda2a555d0;  1 drivers
L_000002dda2aa0088 .functor BUFT 1, C4<1>, C4<0>, C4<0>, C4<0>;
v000002dda29da840_0 .net/2u *"_ivl_4", 0 0, L_000002dda2aa0088;  1 drivers
v000002dda29dae80_0 .net *"_ivl_7", 22 0, L_000002dda2a55cb0;  1 drivers
v000002dda29da340_0 .var "bigger", 31 0;
v000002dda29daf20_0 .net "bigger_sign", 0 0, L_000002dda2a54c70;  1 drivers
v000002dda29da8e0_0 .var "bigger_sign_reg", 0 0;
o000002dda29fc188 .functor BUFZ 1, C4<z>; HiZ drive
v000002dda29da980_0 .net "clk", 0 0, o000002dda29fc188;  0 drivers
v000002dda29daa20_0 .var "diffexp", 7 0;
v000002dda29db060_0 .net "exponent_bigger", 7 0, L_000002dda2a55c10;  1 drivers
v000002dda29dafc0_0 .net "exponent_smaller", 7 0, L_000002dda2a543b0;  1 drivers
v000002dda29dab60_0 .var "final_exponent", 7 0;
v000002dda29dade0_0 .var "final_exponent_reg", 7 0;
v000002dda29da3e0_0 .var "final_mantissa", 23 0;
v000002dda29da480_0 .var "first_carry", 0 0;
v000002dda29da5c0_0 .var "first_carry_reg", 0 0;
v000002dda29da660_0 .var "first_mantissa_sum", 11 0;
v000002dda29dac00_0 .net "mantissa_bigger", 23 0, L_000002dda2a54950;  1 drivers
v000002dda29daca0_0 .var "mantissa_bigger_reg", 11 0;
v000002dda29dad40_0 .net "mantissa_smaller", 23 0, L_000002dda2a55d50;  1 drivers
v000002dda2a55ad0_0 .var "mantissa_smaller_reg", 11 0;
v000002dda2a549f0_0 .var "mantissa_sum_reg", 23 0;
v000002dda2a55490_0 .var "out", 31 0;
o000002dda29fc488 .functor BUFZ 32, C4<zzzzzzzzzzzzzzzzzzzzzzzzzzzzzzzz>; HiZ drive
v000002dda2a55b70_0 .net "reg_A", 31 0, o000002dda29fc488;  0 drivers
o000002dda29fc4b8 .functor BUFZ 32, C4<zzzzzzzzzzzzzzzzzzzzzzzzzzzzzzzz>; HiZ drive
v000002dda2a557b0_0 .net "reg_B", 31 0, o000002dda29fc4b8;  0 drivers
o000002dda29fc4e8 .functor BUFZ 1, C4<z>; HiZ drive
v000002dda2a54810_0 .net "reset", 0 0, o000002dda29fc4e8;  0 drivers
v000002dda2a55710_0 .var "result", 31 0;
v000002dda2a55530_0 .var "second_carry", 0 0;
v000002dda2a54a90_0 .var "second_mantissa_sum", 11 0;
v000002dda2a548b0_0 .var "shift_value", 4 0;
v000002dda2a54ef0_0 .var "shifted_mantissa", 23 0;
v000002dda2a54f90_0 .var "smaller", 31 0;
v000002dda2a54e50_0 .net "smaller_sign", 0 0, L_000002dda2a54270;  1 drivers
v000002dda2a55850_0 .var "smaller_sign_reg", 0 0;
E_000002dda29e0620/0 .event anyedge, v000002dda29da8e0_0, v000002dda2a55850_0, v000002dda29daca0_0, v000002dda2a55ad0_0;
E_000002dda29e0620/1 .event anyedge, v000002dda29da5c0_0, v000002dda29dade0_0, v000002dda2a54a90_0, v000002dda2a549f0_0;
E_000002dda29e0620/2 .event anyedge, v000002dda2a55530_0, v000002dda29da3e0_0, v000002dda29dab60_0, v000002dda2a548b0_0;
E_000002dda29e0620 .event/or E_000002dda29e0620/0, E_000002dda29e0620/1, E_000002dda29e0620/2;
E_000002dda29e0d60/0 .event anyedge, v000002dda29da200_0, v000002dda29da7a0_0, v000002dda29db060_0, v000002dda29dafc0_0;
E_000002dda29e0d60/1 .event anyedge, v000002dda29daa20_0, v000002dda29dad40_0, v000002dda29daf20_0, v000002dda2a54e50_0;
E_000002dda29e0d60/2 .event anyedge, v000002dda29dac00_0, v000002dda2a54ef0_0;
E_000002dda29e0d60 .event/or E_000002dda29e0d60/0, E_000002dda29e0d60/1, E_000002dda29e0d60/2;
E_000002dda29e0760 .event posedge, v000002dda2a54810_0, v000002dda29da980_0;
L_000002dda2a55c10 .part v000002dda29da340_0, 23, 8;
L_000002dda2a543b0 .part v000002dda2a54f90_0, 23, 8;
L_000002dda2a55cb0 .part v000002dda29da340_0, 0, 23;
L_000002dda2a54950 .concat [ 23 1 0 0], L_000002dda2a55cb0, L_000002dda2aa0088;
L_000002dda2a555d0 .part v000002dda2a54f90_0, 0, 23;
L_000002dda2a55d50 .concat [ 23 1 0 0], L_000002dda2a555d0, L_000002dda2aa00d0;
L_000002dda2a54c70 .part v000002dda29da340_0, 31, 1;
L_000002dda2a54270 .part v000002dda2a54f90_0, 31, 1;
    .scope S_000002dda29b2760;
T_0 ;
    %wait E_000002dda29e0760;
    %load/vec4 v000002dda2a54810_0;
    %cmpi/e 1, 0, 1;
    %jmp/0xz  T_0.0, 4;
    %pushi/vec4 0, 0, 32;
    %assign/vec4 v000002dda2a55490_0, 0;
    %pushi/vec4 0, 0, 32;
    %assign/vec4 v000002dda29da200_0, 0;
    %pushi/vec4 0, 0, 32;
    %assign/vec4 v000002dda29da7a0_0, 0;
    %jmp T_0.1;
T_0.0 ;
    %load/vec4 v000002dda2a55b70_0;
    %assign/vec4 v000002dda29da200_0, 0;
    %load/vec4 v000002dda2a557b0_0;
    %assign/vec4 v000002dda29da7a0_0, 0;
    %load/vec4 v000002dda2a55710_0;
    %assign/vec4 v000002dda2a55490_0, 0;
T_0.1 ;
    %jmp T_0;
    .thread T_0;
    .scope S_000002dda29b2760;
T_1 ;
    %wait E_000002dda29e0760;
    %load/vec4 v000002dda2a54810_0;
    %cmpi/e 1, 0, 1;
    %jmp/0xz  T_1.0, 4;
    %pushi/vec4 0, 0, 8;
    %assign/vec4 v000002dda29dade0_0, 0;
    %pushi/vec4 0, 0, 24;
    %assign/vec4 v000002dda2a549f0_0, 0;
    %pushi/vec4 0, 0, 1;
    %assign/vec4 v000002dda29da5c0_0, 0;
    %pushi/vec4 0, 0, 1;
    %assign/vec4 v000002dda29da8e0_0, 0;
    %pushi/vec4 0, 0, 1;
    %assign/vec4 v000002dda2a55850_0, 0;
    %pushi/vec4 0, 0, 12;
    %assign/vec4 v000002dda29daca0_0, 0;
    %pushi/vec4 0, 0, 12;
    %assign/vec4 v000002dda2a55ad0_0, 0;
    %jmp T_1.1;
T_1.0 ;
    %load/vec4 v000002dda29db060_0;
    %assign/vec4 v000002dda29dade0_0, 0;
    %load/vec4 v000002dda29da660_0;
    %pad/u 24;
    %assign/vec4 v000002dda2a549f0_0, 0;
    %load/vec4 v000002dda29da480_0;
    %assign/vec4 v000002dda29da5c0_0, 0;
    %load/vec4 v000002dda29daf20_0;
    %assign/vec4 v000002dda29da8e0_0, 0;
    %load/vec4 v000002dda2a54e50_0;
    %assign/vec4 v000002dda2a55850_0, 0;
    %load/vec4 v000002dda29dac00_0;
    %parti/s 12, 12, 5;
    %assign/vec4 v000002dda29daca0_0, 0;
    %load/vec4 v000002dda29dad40_0;
    %parti/s 12, 12, 5;
    %assign/vec4 v000002dda2a55ad0_0, 0;
T_1.1 ;
    %jmp T_1;
    .thread T_1;
    .scope S_000002dda29b2760;
T_2 ;
    %wait E_000002dda29e0d60;
    %load/vec4 v000002dda29da7a0_0;
    %parti/s 31, 0, 2;
    %load/vec4 v000002dda29da200_0;
    %parti/s 31, 0, 2;
    %cmp/u;
    %jmp/0xz  T_2.0, 5;
    %load/vec4 v000002dda29da200_0;
    %store/vec4 v000002dda29da340_0, 0, 32;
    %load/vec4 v000002dda29da7a0_0;
    %store/vec4 v000002dda2a54f90_0, 0, 32;
    %jmp T_2.1;
T_2.0 ;
    %load/vec4 v000002dda29da7a0_0;
    %store/vec4 v000002dda29da340_0, 0, 32;
    %load/vec4 v000002dda29da200_0;
    %store/vec4 v000002dda2a54f90_0, 0, 32;
T_2.1 ;
    %load/vec4 v000002dda29db060_0;
    %load/vec4 v000002dda29dafc0_0;
    %sub;
    %store/vec4 v000002dda29daa20_0, 0, 8;
    %load/vec4 v000002dda29daa20_0;
    %parti/s 3, 5, 4;
    %or/r;
    %pad/u 32;
    %cmpi/e 1, 0, 32;
    %flag_mov 8, 4;
    %load/vec4 v000002dda29dafc0_0;
    %or/r;
    %pad/u 32;
    %cmpi/e 0, 0, 32;
    %flag_or 4, 8;
    %jmp/0xz  T_2.2, 4;
    %pushi/vec4 0, 0, 24;
    %store/vec4 v000002dda2a54ef0_0, 0, 24;
    %jmp T_2.3;
T_2.2 ;
    %load/vec4 v000002dda29dad40_0;
    %load/vec4 v000002dda29daa20_0;
    %parti/s 5, 0, 2;
    %ix/vec4 4;
    %shiftr 4;
    %store/vec4 v000002dda2a54ef0_0, 0, 24;
T_2.3 ;
    %load/vec4 v000002dda29daf20_0;
    %load/vec4 v000002dda2a54e50_0;
    %xnor;
    %flag_set/vec4 8;
    %jmp/0 T_2.4, 8;
    %load/vec4 v000002dda29dac00_0;
    %parti/s 12, 0, 2;
    %pad/u 13;
    %load/vec4 v000002dda2a54ef0_0;
    %parti/s 12, 0, 2;
    %pad/u 13;
    %add;
    %jmp/1 T_2.5, 8;
T_2.4 ; End of true expr.
    %load/vec4 v000002dda29dac00_0;
    %parti/s 12, 0, 2;
    %pad/u 13;
    %load/vec4 v000002dda2a54ef0_0;
    %parti/s 12, 0, 2;
    %pad/u 13;
    %sub;
    %jmp/0 T_2.5, 8;
 ; End of false expr.
    %blend;
T_2.5;
    %split/vec4 12;
    %store/vec4 v000002dda29da660_0, 0, 12;
    %store/vec4 v000002dda29da480_0, 0, 1;
    %jmp T_2;
    .thread T_2, $push;
    .scope S_000002dda29b2760;
T_3 ;
    %wait E_000002dda29e0620;
    %load/vec4 v000002dda29da8e0_0;
    %load/vec4 v000002dda2a55850_0;
    %xnor;
    %flag_set/vec4 8;
    %jmp/0 T_3.0, 8;
    %load/vec4 v000002dda29daca0_0;
    %pad/u 13;
    %load/vec4 v000002dda2a55ad0_0;
    %pad/u 13;
    %add;
    %load/vec4 v000002dda29da5c0_0;
    %pad/u 13;
    %add;
    %jmp/1 T_3.1, 8;
T_3.0 ; End of true expr.
    %load/vec4 v000002dda29daca0_0;
    %pad/u 13;
    %load/vec4 v000002dda2a55ad0_0;
    %pad/u 13;
    %sub;
    %load/vec4 v000002dda29da5c0_0;
    %pad/u 13;
    %add;
    %jmp/0 T_3.1, 8;
 ; End of false expr.
    %blend;
T_3.1;
    %split/vec4 12;
    %store/vec4 v000002dda2a54a90_0, 0, 12;
    %store/vec4 v000002dda2a55530_0, 0, 1;
    %load/vec4 v000002dda29dade0_0;
    %store/vec4 v000002dda29dab60_0, 0, 8;
    %load/vec4 v000002dda2a54a90_0;
    %load/vec4 v000002dda2a549f0_0;
    %concat/vec4; draw_concat_vec4
    %pad/u 24;
    %store/vec4 v000002dda29da3e0_0, 0, 24;
    %load/vec4 v000002dda2a55530_0;
    %flag_set/vec4 8;
    %jmp/0xz  T_3.2, 8;
    %load/vec4 v000002dda29da3e0_0;
    %ix/load 4, 1, 0;
    %flag_set/imm 4, 0;
    %shiftr 4;
    %store/vec4 v000002dda29da3e0_0, 0, 24;
    %load/vec4 v000002dda29dab60_0;
    %cmpi/ne 0, 0, 8;
    %jmp/0xz  T_3.4, 4;
    %load/vec4 v000002dda29dab60_0;
    %addi 1, 0, 8;
    %store/vec4 v000002dda29dab60_0, 0, 8;
    %jmp T_3.5;
T_3.4 ;
    %pushi/vec4 0, 0, 8;
    %store/vec4 v000002dda29dab60_0, 0, 8;
T_3.5 ;
    %jmp T_3.3;
T_3.2 ;
    %load/vec4 v000002dda29da3e0_0;
    %or/r;
    %pad/u 32;
    %cmpi/ne 1, 0, 32;
    %jmp/0xz  T_3.6, 4;
    %pushi/vec4 0, 0, 8;
    %store/vec4 v000002dda29dab60_0, 0, 8;
    %pushi/vec4 0, 0, 24;
    %store/vec4 v000002dda29da3e0_0, 0, 24;
    %jmp T_3.7;
T_3.6 ;
    %load/vec4 v000002dda29da3e0_0;
    %dup/vec4;
    %pushi/vec4 16777215, 8388607, 24;
    %cmp/x;
    %jmp/1 T_3.8, 4;
    %dup/vec4;
    %pushi/vec4 8388607, 4194303, 24;
    %cmp/x;
    %jmp/1 T_3.9, 4;
    %dup/vec4;
    %pushi/vec4 4194303, 2097151, 24;
    %cmp/x;
    %jmp/1 T_3.10, 4;
    %dup/vec4;
    %pushi/vec4 2097151, 1048575, 24;
    %cmp/x;
    %jmp/1 T_3.11, 4;
    %dup/vec4;
    %pushi/vec4 1048575, 524287, 24;
    %cmp/x;
    %jmp/1 T_3.12, 4;
    %dup/vec4;
    %pushi/vec4 524287, 262143, 24;
    %cmp/x;
    %jmp/1 T_3.13, 4;
    %dup/vec4;
    %pushi/vec4 262143, 131071, 24;
    %cmp/x;
    %jmp/1 T_3.14, 4;
    %dup/vec4;
    %pushi/vec4 131071, 65535, 24;
    %cmp/x;
    %jmp/1 T_3.15, 4;
    %dup/vec4;
    %pushi/vec4 65535, 32767, 24;
    %cmp/x;
    %jmp/1 T_3.16, 4;
    %dup/vec4;
    %pushi/vec4 32767, 16383, 24;
    %cmp/x;
    %jmp/1 T_3.17, 4;
    %dup/vec4;
    %pushi/vec4 16383, 8191, 24;
    %cmp/x;
    %jmp/1 T_3.18, 4;
    %dup/vec4;
    %pushi/vec4 8191, 4095, 24;
    %cmp/x;
    %jmp/1 T_3.19, 4;
    %dup/vec4;
    %pushi/vec4 4095, 2047, 24;
    %cmp/x;
    %jmp/1 T_3.20, 4;
    %dup/vec4;
    %pushi/vec4 2047, 1023, 24;
    %cmp/x;
    %jmp/1 T_3.21, 4;
    %dup/vec4;
    %pushi/vec4 1023, 511, 24;
    %cmp/x;
    %jmp/1 T_3.22, 4;
    %dup/vec4;
    %pushi/vec4 511, 255, 24;
    %cmp/x;
    %jmp/1 T_3.23, 4;
    %dup/vec4;
    %pushi/vec4 255, 127, 24;
    %cmp/x;
    %jmp/1 T_3.24, 4;
    %dup/vec4;
    %pushi/vec4 127, 63, 24;
    %cmp/x;
    %jmp/1 T_3.25, 4;
    %dup/vec4;
    %pushi/vec4 63, 31, 24;
    %cmp/x;
    %jmp/1 T_3.26, 4;
    %dup/vec4;
    %pushi/vec4 31, 15, 24;
    %cmp/x;
    %jmp/1 T_3.27, 4;
    %dup/vec4;
    %pushi/vec4 15, 7, 24;
    %cmp/x;
    %jmp/1 T_3.28, 4;
    %dup/vec4;
    %pushi/vec4 7, 3, 24;
    %cmp/x;
    %jmp/1 T_3.29, 4;
    %dup/vec4;
    %pushi/vec4 3, 1, 24;
    %cmp/x;
    %jmp/1 T_3.30, 4;
    %dup/vec4;
    %pushi/vec4 1, 0, 24;
    %cmp/x;
    %jmp/1 T_3.31, 4;
    %pushi/vec4 24, 0, 5;
    %store/vec4 v000002dda2a548b0_0, 0, 5;
    %jmp T_3.33;
T_3.8 ;
    %pushi/vec4 0, 0, 5;
    %store/vec4 v000002dda2a548b0_0, 0, 5;
    %jmp T_3.33;
T_3.9 ;
    %pushi/vec4 1, 0, 5;
    %store/vec4 v000002dda2a548b0_0, 0, 5;
    %jmp T_3.33;
T_3.10 ;
    %pushi/vec4 2, 0, 5;
    %store/vec4 v000002dda2a548b0_0, 0, 5;
    %jmp T_3.33;
T_3.11 ;
    %pushi/vec4 3, 0, 5;
    %store/vec4 v000002dda2a548b0_0, 0, 5;
    %jmp T_3.33;
T_3.12 ;
    %pushi/vec4 4, 0, 5;
    %store/vec4 v000002dda2a548b0_0, 0, 5;
    %jmp T_3.33;
T_3.13 ;
    %pushi/vec4 5, 0, 5;
    %store/vec4 v000002dda2a548b0_0, 0, 5;
    %jmp T_3.33;
T_3.14 ;
    %pushi/vec4 6, 0, 5;
    %store/vec4 v000002dda2a548b0_0, 0, 5;
    %jmp T_3.33;
T_3.15 ;
    %pushi/vec4 7, 0, 5;
    %store/vec4 v000002dda2a548b0_0, 0, 5;
    %jmp T_3.33;
T_3.16 ;
    %pushi/vec4 8, 0, 5;
    %store/vec4 v000002dda2a548b0_0, 0, 5;
    %jmp T_3.33;
T_3.17 ;
    %pushi/vec4 9, 0, 5;
    %store/vec4 v000002dda2a548b0_0, 0, 5;
    %jmp T_3.33;
T_3.18 ;
    %pushi/vec4 10, 0, 5;
    %store/vec4 v000002dda2a548b0_0, 0, 5;
    %jmp T_3.33;
T_3.19 ;
    %pushi/vec4 11, 0, 5;
    %store/vec4 v000002dda2a548b0_0, 0, 5;
    %jmp T_3.33;
T_3.20 ;
    %pushi/vec4 12, 0, 5;
    %store/vec4 v000002dda2a548b0_0, 0, 5;
    %jmp T_3.33;
T_3.21 ;
    %pushi/vec4 13, 0, 5;
    %store/vec4 v000002dda2a548b0_0, 0, 5;
    %jmp T_3.33;
T_3.22 ;
    %pushi/vec4 14, 0, 5;
    %store/vec4 v000002dda2a548b0_0, 0, 5;
    %jmp T_3.33;
T_3.23 ;
    %pushi/vec4 15, 0, 5;
    %store/vec4 v000002dda2a548b0_0, 0, 5;
    %jmp T_3.33;
T_3.24 ;
    %pushi/vec4 16, 0, 5;
    %store/vec4 v000002dda2a548b0_0, 0, 5;
    %jmp T_3.33;
T_3.25 ;
    %pushi/vec4 17, 0, 5;
    %store/vec4 v000002dda2a548b0_0, 0, 5;
    %jmp T_3.33;
T_3.26 ;
    %pushi/vec4 18, 0, 5;
    %store/vec4 v000002dda2a548b0_0, 0, 5;
    %jmp T_3.33;
T_3.27 ;
    %pushi/vec4 19, 0, 5;
    %store/vec4 v000002dda2a548b0_0, 0, 5;
    %jmp T_3.33;
T_3.28 ;
    %pushi/vec4 20, 0, 5;
    %store/vec4 v000002dda2a548b0_0, 0, 5;
    %jmp T_3.33;
T_3.29 ;
    %pushi/vec4 21, 0, 5;
    %store/vec4 v000002dda2a548b0_0, 0, 5;
    %jmp T_3.33;
T_3.30 ;
    %pushi/vec4 22, 0, 5;
    %store/vec4 v000002dda2a548b0_0, 0, 5;
    %jmp T_3.33;
T_3.31 ;
    %pushi/vec4 23, 0, 5;
    %store/vec4 v000002dda2a548b0_0, 0, 5;
    %jmp T_3.33;
T_3.33 ;
    %pop/vec4 1;
    %load/vec4 v000002dda29da3e0_0;
    %ix/getv 4, v000002dda2a548b0_0;
    %shiftl 4;
    %store/vec4 v000002dda29da3e0_0, 0, 24;
    %load/vec4 v000002dda2a548b0_0;
    %pad/u 8;
    %load/vec4 v000002dda29dab60_0;
    %cmp/u;
    %flag_or 5, 4;
    %flag_mov 8, 5;
    %jmp/0 T_3.34, 8;
    %load/vec4 v000002dda29dab60_0;
    %load/vec4 v000002dda2a548b0_0;
    %pad/u 8;
    %sub;
    %jmp/1 T_3.35, 8;
T_3.34 ; End of true expr.
    %pushi/vec4 0, 0, 8;
    %jmp/0 T_3.35, 8;
 ; End of false expr.
    %blend;
T_3.35;
    %store/vec4 v000002dda29dab60_0, 0, 8;
T_3.7 ;
T_3.3 ;
    %load/vec4 v000002dda29da8e0_0;
    %load/vec4 v000002dda29dab60_0;
    %concat/vec4; draw_concat_vec4
    %load/vec4 v000002dda29da3e0_0;
    %parti/s 23, 0, 2;
    %concat/vec4; draw_concat_vec4
    %store/vec4 v000002dda2a55710_0, 0, 32;
    %jmp T_3;
    .thread T_3, $push;
# The file index is used to find the file name in the following table.
:file_names 3;
    "N/A";
    "<interactive>";
    "Lab1_HWDesign\lab1\step4\verilog_input\fpadd_pipeline.v";
