

================================================================
== Synthesis Summary Report of 'compute_matrices'
================================================================
+ General Information: 
    * Date:           Sun May 25 19:33:42 2025
    * Version:        2020.2 (Build 3064766 on Wed Nov 18 09:12:47 MST 2020)
    * Project:        lsal_first
    * Solution:       solution1 (Vivado IP Flow Target)
    * Product family: zynq
    * Target device:  xc7z020-clg484-1
    

+ Performance & Resource Estimates: 
    
    PS: '+' for module; 'o' for loop; '*' for dataflow
    +--------------------+------+-------+----------+-----------+----------+----------+-------+----------+----------+----+-----------+----------+-----+
    |       Modules      | Issue|       | Latency  |  Latency  | Iteration|          |  Trip |          |          |    |           |          |     |
    |       & Loops      | Type | Slack | (cycles) |    (ns)   |  Latency | Interval | Count | Pipelined|   BRAM   | DSP|     FF    |    LUT   | URAM|
    +--------------------+------+-------+----------+-----------+----------+----------+-------+----------+----------+----+-----------+----------+-----+
    |+ compute_matrices  |     -|  -0.00|  21637283|  2.164e+08|         -|  21637284|      -|        no|  64 (22%)|   -|  390 (~0%)|  924 (1%)|    -|
    | o Loop 1           |     -|  -7.30|        33|    330.000|         1|         1|     33|       yes|         -|   -|          -|         -|    -|
    | o Loop 2           |     -|  -7.30|        33|    330.000|         1|         1|     33|       yes|         -|   -|          -|         -|    -|
    | o Loop 3           |     -|  -7.30|        33|    330.000|         1|         1|     33|       yes|         -|   -|          -|         -|    -|
    | o Loop 4           |     -|  -7.30|        32|    320.000|         1|         1|     32|       yes|         -|   -|          -|         -|    -|
    | o Loop 5           |     -|  -7.30|     65598|  6.560e+05|         1|         1|  65598|       yes|         -|   -|          -|         -|    -|
    | o OUTER_LOOP       |     -|  -7.30|  21571543|  2.157e+08|       329|         -|  65567|        no|         -|   -|          -|         -|    -|
    |  o INNER_LOOP      |     -|  -7.30|       128|  1.280e+03|         4|         -|     32|        no|         -|   -|          -|         -|    -|
    |  o OUTER_LOOP.2    |     -|  -7.30|        66|    660.000|         2|         -|     33|        no|         -|   -|          -|         -|    -|
    |  o OUTER_LOOP.3    |     -|  -7.30|        66|    660.000|         2|         -|     33|        no|         -|   -|          -|         -|    -|
    |  o DIR_LOOP        |     -|  -7.30|        64|    640.000|         2|         -|     32|        no|         -|   -|          -|         -|    -|
    +--------------------+------+-------+----------+-----------+----------+----------+-------+----------+----------+----+-----------+----------+-----+

