#! /c/Source/iverilog-install/bin/vvp
:ivl_version "12.0 (devel)" "(s20150603-1110-g18392a46)";
:ivl_delay_selection "TYPICAL";
:vpi_time_precision - 12;
:vpi_module "C:\iverilog\lib\ivl\system.vpi";
:vpi_module "C:\iverilog\lib\ivl\vhdl_sys.vpi";
:vpi_module "C:\iverilog\lib\ivl\vhdl_textio.vpi";
:vpi_module "C:\iverilog\lib\ivl\v2005_math.vpi";
:vpi_module "C:\iverilog\lib\ivl\va_math.vpi";
S_00000201f5ae2850 .scope module, "line_period_counter" "line_period_counter" 2 3;
 .timescale -9 -12;
    .port_info 0 /INPUT 1 "reset";
    .port_info 1 /INPUT 1 "clk";
    .port_info 2 /INPUT 10 "V_counter";
    .port_info 3 /OUTPUT 3 "count";
    .port_info 4 /INPUT 12 "H_counter";
o00000201f5b16f98 .functor BUFZ 12, C4<zzzzzzzzzzzz>; HiZ drive
v00000201f5ae29e0_0 .net "H_counter", 11 0, o00000201f5b16f98;  0 drivers
o00000201f5b16fc8 .functor BUFZ 10, C4<zzzzzzzzzz>; HiZ drive
v00000201f5bfbd00_0 .net "V_counter", 9 0, o00000201f5b16fc8;  0 drivers
o00000201f5b16ff8 .functor BUFZ 1, C4<z>; HiZ drive
v00000201f5bfbda0_0 .net "clk", 0 0, o00000201f5b16ff8;  0 drivers
v00000201f5ae2a80_0 .var "count", 2 0;
o00000201f5b17058 .functor BUFZ 1, C4<z>; HiZ drive
v00000201f5ae2b20_0 .net "reset", 0 0, o00000201f5b17058;  0 drivers
E_00000201f5bfc3d0 .event posedge, v00000201f5ae2b20_0, v00000201f5bfbda0_0;
    .scope S_00000201f5ae2850;
T_0 ;
    %wait E_00000201f5bfc3d0;
    %load/vec4 v00000201f5ae2b20_0;
    %flag_set/vec4 8;
    %jmp/0xz  T_0.0, 8;
    %pushi/vec4 0, 0, 3;
    %assign/vec4 v00000201f5ae2a80_0, 0;
    %jmp T_0.1;
T_0.0 ;
    %pushi/vec4 29, 0, 32;
    %load/vec4 v00000201f5bfbd00_0;
    %pad/u 32;
    %cmp/u;
    %flag_get/vec4 5;
    %load/vec4 v00000201f5bfbd00_0;
    %pad/u 32;
    %cmpi/u 519, 0, 32;
    %flag_get/vec4 5;
    %and;
    %flag_set/vec4 8;
    %jmp/0xz  T_0.2, 8;
    %pushi/vec4 0, 0, 3;
    %assign/vec4 v00000201f5ae2a80_0, 0;
    %jmp T_0.3;
T_0.2 ;
    %load/vec4 v00000201f5ae29e0_0;
    %pad/u 32;
    %cmpi/e 3199, 0, 32;
    %jmp/0xz  T_0.4, 4;
    %load/vec4 v00000201f5ae2a80_0;
    %pad/u 32;
    %cmpi/e 4, 0, 32;
    %jmp/0xz  T_0.6, 4;
    %pushi/vec4 0, 0, 3;
    %assign/vec4 v00000201f5ae2a80_0, 0;
    %jmp T_0.7;
T_0.6 ;
    %load/vec4 v00000201f5ae2a80_0;
    %addi 1, 0, 3;
    %assign/vec4 v00000201f5ae2a80_0, 0;
T_0.7 ;
    %jmp T_0.5;
T_0.4 ;
    %load/vec4 v00000201f5ae2a80_0;
    %assign/vec4 v00000201f5ae2a80_0, 0;
T_0.5 ;
T_0.3 ;
T_0.1 ;
    %jmp T_0;
    .thread T_0;
# The file index is used to find the file name in the following table.
:file_names 3;
    "N/A";
    "<interactive>";
    "line_period_counter.v";
