

================================================================
== Synthesis Summary Report of 'compute_matrices'
================================================================
+ General Information: 
    * Date:           Sat Jun  7 18:18:45 2025
    * Version:        2020.2 (Build 3064766 on Wed Nov 18 09:12:47 MST 2020)
    * Project:        only_diag_max
    * Solution:       solution1 (Vitis Kernel Flow Target)
    * Product family: zynq
    * Target device:  xc7z020-clg484-1
    

+ Performance & Resource Estimates: 
    
    PS: '+' for module; 'o' for loop; '*' for dataflow
    +--------------------+--------+-------+---------+-----------+----------+---------+-------+----------+-----------+----+------------+-------------+-----+
    |       Modules      |  Issue |       | Latency |  Latency  | Iteration|         |  Trip |          |           |    |            |             |     |
    |       & Loops      |  Type  | Slack | (cycles)|    (ns)   |  Latency | Interval| Count | Pipelined|   BRAM    | DSP|     FF     |     LUT     | URAM|
    +--------------------+--------+-------+---------+-----------+----------+---------+-------+----------+-----------+----+------------+-------------+-----+
    |+ compute_matrices  |  Timing|   0.00|  1114994|  1.115e+07|         -|  1114995|      -|        no|  145 (51%)|   -|  10411 (9%)|  22893 (43%)|    -|
    | o Loop 1           |       -|  -7.30|       33|    330.000|         1|        1|     33|       yes|          -|   -|           -|            -|    -|
    | o Loop 2           |       -|  -7.30|       33|    330.000|         1|        1|     33|       yes|          -|   -|           -|            -|    -|
    | o Loop 3           |       -|  -7.30|       33|    330.000|         1|        1|     33|       yes|          -|   -|           -|            -|    -|
    | o COPY             |       -|  -7.30|    65670|  6.567e+05|        74|        1|  65598|       yes|          -|   -|           -|            -|    -|
    | o OUTER_LOOP       |      II|  -7.30|  1049075|  1.049e+07|        20|       16|  65567|       yes|          -|   -|           -|            -|    -|
    +--------------------+--------+-------+---------+-----------+----------+---------+-------+----------+-----------+----+------------+-------------+-----+

