

================================================================
== Synthesis Summary Report of 'compute_matrices'
================================================================
+ General Information: 
    * Date:           Sun May 25 20:21:02 2025
    * Version:        2020.2 (Build 3064766 on Wed Nov 18 09:12:47 MST 2020)
    * Project:        lsal_first
    * Solution:       solution3 (Vivado IP Flow Target)
    * Product family: zynq
    * Target device:  xc7z020-clg484-1
    

+ Performance & Resource Estimates: 
    
    PS: '+' for module; 'o' for loop; '*' for dataflow
    +--------------------+------+-------+---------+-----------+----------+---------+-------+----------+----------+----+-----------+-------------+-----+
    |       Modules      | Issue|       | Latency |  Latency  | Iteration|         |  Trip |          |          |    |           |             |     |
    |       & Loops      | Type | Slack | (cycles)|    (ns)   |  Latency | Interval| Count | Pipelined|   BRAM   | DSP|     FF    |     LUT     | URAM|
    +--------------------+------+-------+---------+-----------+----------+---------+-------+----------+----------+----+-----------+-------------+-----+
    |+ compute_matrices  |     -|  -0.00|  2163855|  2.164e+07|         -|  2163856|      -|        no|  64 (22%)|   -|  7028 (6%)|  11495 (21%)|    -|
    | o Loop 1           |     -|  -7.30|       33|    330.000|         1|        1|     33|       yes|         -|   -|          -|            -|    -|
    | o Loop 2           |     -|  -7.30|       33|    330.000|         1|        1|     33|       yes|         -|   -|          -|            -|    -|
    | o Loop 3           |     -|  -7.30|       32|    320.000|         1|        1|     32|       yes|         -|   -|          -|            -|    -|
    | o Loop 4           |     -|  -7.30|    65598|  6.560e+05|         1|        1|  65598|       yes|         -|   -|          -|            -|    -|
    | o OUTER_LOOP       |    II|  -7.30|  2098148|  2.098e+07|        36|       32|  65567|       yes|         -|   -|          -|            -|    -|
    +--------------------+------+-------+---------+-----------+----------+---------+-------+----------+----------+----+-----------+-------------+-----+

