#! /c/Source/iverilog-install/bin/vvp
:ivl_version "12.0 (devel)" "(s20150603-1110-g18392a46)";
:ivl_delay_selection "TYPICAL";
:vpi_time_precision - 12;
:vpi_module "C:\iverilog\lib\ivl\system.vpi";
:vpi_module "C:\iverilog\lib\ivl\vhdl_sys.vpi";
:vpi_module "C:\iverilog\lib\ivl\vhdl_textio.vpi";
:vpi_module "C:\iverilog\lib\ivl\v2005_math.vpi";
:vpi_module "C:\iverilog\lib\ivl\va_math.vpi";
S_000002219daf2850 .scope module, "frame_counter" "frame_counter" 2 3;
 .timescale -9 -12;
    .port_info 0 /INPUT 1 "reset";
    .port_info 1 /INPUT 1 "clk";
    .port_info 2 /INPUT 10 "V_counter";
    .port_info 3 /OUTPUT 2 "frame_count";
o000002219db26fb8 .functor BUFZ 10, C4<zzzzzzzzzz>; HiZ drive
v000002219daf29e0_0 .net "V_counter", 9 0, o000002219db26fb8;  0 drivers
o000002219db26fe8 .functor BUFZ 1, C4<z>; HiZ drive
v000002219daf2a80_0 .net "clk", 0 0, o000002219db26fe8;  0 drivers
v000002219daf2b20_0 .var "frame_count", 1 0;
o000002219db27048 .functor BUFZ 1, C4<z>; HiZ drive
v000002219daddbb0_0 .net "reset", 0 0, o000002219db27048;  0 drivers
E_000002219dad8e30 .event posedge, v000002219daddbb0_0, v000002219daf2a80_0;
    .scope S_000002219daf2850;
T_0 ;
    %wait E_000002219dad8e30;
    %load/vec4 v000002219daddbb0_0;
    %flag_set/vec4 8;
    %jmp/0xz  T_0.0, 8;
    %pushi/vec4 0, 0, 2;
    %assign/vec4 v000002219daf2b20_0, 0;
    %jmp T_0.1;
T_0.0 ;
    %load/vec4 v000002219daf29e0_0;
    %pad/u 32;
    %cmpi/e 520, 0, 32;
    %jmp/0xz  T_0.2, 4;
    %load/vec4 v000002219daf2b20_0;
    %addi 1, 0, 2;
    %assign/vec4 v000002219daf2b20_0, 0;
    %jmp T_0.3;
T_0.2 ;
    %load/vec4 v000002219daf2b20_0;
    %assign/vec4 v000002219daf2b20_0, 0;
T_0.3 ;
T_0.1 ;
    %jmp T_0;
    .thread T_0;
# The file index is used to find the file name in the following table.
:file_names 3;
    "N/A";
    "<interactive>";
    "frame_count.v";
