

================================================================
== Synthesis Summary Report of 'compute_matrices'
================================================================
+ General Information: 
    * Date:           Sat Jun  7 19:19:15 2025
    * Version:        2020.2 (Build 3064766 on Wed Nov 18 09:12:47 MST 2020)
    * Project:        II=1??
    * Solution:       solution1 (Vitis Kernel Flow Target)
    * Product family: zynq
    * Target device:  xc7z020-clg484-1
    

+ Performance & Resource Estimates: 
    
    PS: '+' for module; 'o' for loop; '*' for dataflow
    +--------------------+--------+-------+---------+-----------+----------+---------+-------+----------+-----------+----+-----------+-------------+-----+
    |       Modules      |  Issue |       | Latency |  Latency  | Iteration|         |  Trip |          |           |    |           |             |     |
    |       & Loops      |  Type  | Slack | (cycles)|    (ns)   |  Latency | Interval| Count | Pipelined|   BRAM    | DSP|     FF    |     LUT     | URAM|
    +--------------------+--------+-------+---------+-----------+----------+---------+-------+----------+-----------+----+-----------+-------------+-----+
    |+ compute_matrices  |  Timing|   0.00|   131717|  1.317e+06|         -|   131718|      -|        no|  112 (40%)|   -|  7500 (7%)|  19893 (37%)|    -|
    | o Loop 1           |       -|  -7.30|       33|    330.000|         1|        1|     33|       yes|          -|   -|          -|            -|    -|
    | o Loop 2           |       -|  -7.30|       33|    330.000|         1|        1|     33|       yes|          -|   -|          -|            -|    -|
    | o COPY             |       -|  -7.30|    65670|  6.567e+05|        74|        1|  65598|       yes|          -|   -|          -|            -|    -|
    | o Loop 4           |       -|  -7.30|      128|  1.280e+03|         1|        1|    128|       yes|          -|   -|          -|            -|    -|
    | o Loop 5           |       -|  -7.30|       32|    320.000|         1|        1|     32|       yes|          -|   -|          -|            -|    -|
    | o OUTER_LOOP       |       -|  -7.30|    65569|  6.557e+05|         4|        1|  65567|       yes|          -|   -|          -|            -|    -|
    | o MAX_LOOP         |       -|  -7.30|       32|    320.000|         2|        1|     32|       yes|          -|   -|          -|            -|    -|
    +--------------------+--------+-------+---------+-----------+----------+---------+-------+----------+-----------+----+-----------+-------------+-----+

