

================================================================
== Synthesis Summary Report of 'compute_matrices'
================================================================
+ General Information: 
    * Date:           Thu Jun  5 10:48:19 2025
    * Version:        2020.2 (Build 3064766 on Wed Nov 18 09:12:47 MST 2020)
    * Project:        critical_path
    * Solution:       solution1 (Vitis Kernel Flow Target)
    * Product family: zynq
    * Target device:  xc7z020-clg484-1
    

+ Performance & Resource Estimates: 
    
    PS: '+' for module; 'o' for loop; '*' for dataflow
    +--------------------+--------+-------+---------+-----------+----------+---------+-------+----------+----------+----+-----------+-------------+-----+
    |       Modules      |  Issue |       | Latency |  Latency  | Iteration|         |  Trip |          |          |    |           |             |     |
    |       & Loops      |  Type  | Slack | (cycles)|    (ns)   |  Latency | Interval| Count | Pipelined|   BRAM   | DSP|     FF    |     LUT     | URAM|
    +--------------------+--------+-------+---------+-----------+----------+---------+-------+----------+----------+----+-----------+-------------+-----+
    |+ compute_matrices  |  Timing|   0.00|   197286|  1.973e+06|         -|   197287|      -|        no|  48 (17%)|   -|  6374 (5%)|  14916 (28%)|    -|
    | o Loop 1           |       -|  -7.30|       33|    330.000|         1|        1|     33|       yes|         -|   -|          -|            -|    -|
    | o Loop 2           |       -|  -7.30|       33|    330.000|         1|        1|     33|       yes|         -|   -|          -|            -|    -|
    | o Loop 3           |       -|  -7.30|       32|    320.000|         1|        1|     32|       yes|         -|   -|          -|            -|    -|
    | o Loop 4           |       -|  -7.30|      128|  1.280e+03|         1|        1|    128|       yes|         -|   -|          -|            -|    -|
    | o Loop 5           |       -|  -7.30|       32|    320.000|         1|        1|     32|       yes|         -|   -|          -|            -|    -|
    | o OUTER_LOOP       |      II|  -7.30|   196841|  1.968e+06|       144|        3|  65567|       yes|         -|   -|          -|            -|    -|
    | o MAX_LOOP         |       -|  -7.30|       32|    320.000|         2|        1|     32|       yes|         -|   -|          -|            -|    -|
    +--------------------+--------+-------+---------+-----------+----------+---------+-------+----------+----------+----+-----------+-------------+-----+

